[INFO] [1717188720.836444, 0.000000]: Loading model XML from file /home/math/Desktop/Work_2024/RPi/catkin_ws/src/robot_description/urdf/robot_description.urdf
[INFO] [1717188720.840148, 0.000000]: Waiting for service /gazebo/spawn_urdf_model
[INFO] [1717188721.451453, 0.000000]: Calling service /gazebo/spawn_urdf_model
[INFO] [1717188721.794985, 0.152000]: Spawn status: SpawnModel: Successfully spawned entity
../src/intel/isl/isl.c:2105: FINISHME: ../src/intel/isl/isl.c:isl_surf_supports_ccs: CCS for 3D textures is disabled, but a workaround is available.
[0m[ INFO] [1717188721.204827762]: Finished loading Gazebo ROS API Plugin.[0m
[0m[ INFO] [1717188721.205822079]: waitForService: Service [/gazebo_gui/set_physics_properties] has not been advertised, waiting...[0m
[0m[ INFO] [1717188721.099129429]: Finished loading Gazebo ROS API Plugin.[0m
[0m[ INFO] [1717188721.100094107]: waitForService: Service [/gazebo/set_physics_properties] has not been advertised, waiting...[0m
[0m[ INFO] [1717188721.452171987]: waitForService: Service [/gazebo/set_physics_properties] is now available.[0m
[0m[ INFO] [1717188721.808313655, 0.152000000]: Physics dynamic reconfigure ready.[0m
publishing and latching message. Press ctrl-C to terminate
[31m[gazebo_gui-3] escalating to SIGTERM[0m
... logging to /home/math/.ros/log/a0085ac6-1f8f-11ef-b456-41c9e86ed791/roslaunch-math-429809.log
Checking log directory for disk usage. This may take a while.
Press Ctrl-C to interrupt
Done checking log file disk usage. Usage is <1GB.
]2;/home/math/Desktop/Work_2024/RPi/catkin_ws/src/robot_description/launch/gazebo.launch
[1mstarted roslaunch server http://math:33927/[0m

SUMMARY
========

PARAMETERS
 * /gazebo/enable_ros_network: True
 * /rosdistro: noetic
 * /rosversion: 1.16.0
 * /use_sim_time: True

NODES
  /
    fake_joint_calibration (rostopic/rostopic)
    gazebo (gazebo_ros/gzserver)
    gazebo_gui (gazebo_ros/gzclient)
    spawn_model (gazebo_ros/spawn_model)
    tf_footprint_base (tf/static_transform_publisher)

auto-starting new master
[1mprocess[master]: started with pid [429824][0m
[1mROS_MASTER_URI=http://localhost:11311[0m
]2;/home/math/Desktop/Work_2024/RPi/catkin_ws/src/robot_description/launch/gazebo.launch http://localhost:11311
[1msetting /run_id to a0085ac6-1f8f-11ef-b456-41c9e86ed791[0m
[1mprocess[rosout-1]: started with pid [429841][0m
started core service [/rosout]
[1mprocess[gazebo-2]: started with pid [429844][0m
[1mprocess[gazebo_gui-3]: started with pid [429849][0m
[1mprocess[tf_footprint_base-4]: started with pid [429858][0m
[1mprocess[spawn_model-5]: started with pid [429859][0m
[1mprocess[fake_joint_calibration-6]: started with pid [429860][0m
[1m[spawn_model-5] process has finished cleanly
log file: /home/math/.ros/log/a0085ac6-1f8f-11ef-b456-41c9e86ed791/spawn_model-5*.log[0m
[fake_joint_calibration-6] killing on exit
[tf_footprint_base-4] killing on exit
[gazebo_gui-3] killing on exit
[gazebo-2] killing on exit
[rosout-1] killing on exit
[master] killing on exit
shutting down processing monitor...
... shutting down processing monitor complete
[1mdone[0m
